[2026-03-04 14:55:08,190: INFO/MainProcess] beat: Starting...
[2026-03-04 14:55:08,306: INFO/MainProcess] Scheduler: Sending due task aggregate-snapshot-d1 (snapshot.tasks.task_aggregate_d1_snapshots)
[2026-03-04 14:55:08,316: INFO/MainProcess] Scheduler: Sending due task aggregate-snapshot-mon1 (snapshot.tasks.task_aggregate_mon1_snapshots)
[2026-03-04 14:55:08,317: INFO/MainProcess] Scheduler: Sending due task capture-snapshot-m15 (snapshot.tasks.task_capture_m15_snapshots)
[2026-03-04 14:55:08,319: INFO/MainProcess] Scheduler: Sending due task cleanup-snapshot-history-daily (snapshot.tasks.task_cleanup_snapshot_history)
[2026-03-04 14:55:08,320: INFO/MainProcess] Scheduler: Sending due task aggregate-snapshot-h4 (snapshot.tasks.task_aggregate_h4_snapshots)
[2026-03-04 14:55:08,322: INFO/MainProcess] Scheduler: Sending due task pull-watchlist-quotes-every-5-minutes (accounts.tasks.task_pull_watchlist_quotes)
[2026-03-04 14:55:13,322: INFO/MainProcess] Scheduler: Sending due task pull-watchlist-quotes-every-5-minutes (accounts.tasks.task_pull_watchlist_quotes)
[2026-03-04 14:55:15,317: INFO/MainProcess] Scheduler: Sending due task capture-snapshot-m15 (snapshot.tasks.task_capture_m15_snapshots)
[2026-03-04 14:55:18,322: INFO/MainProcess] Scheduler: Sending due task pull-watchlist-quotes-every-5-minutes (accounts.tasks.task_pull_watchlist_quotes)
[2026-03-04 14:55:21,320: INFO/MainProcess] Scheduler: Sending due task aggregate-snapshot-h4 (snapshot.tasks.task_aggregate_h4_snapshots)
[2026-03-04 14:55:22,317: INFO/MainProcess] Scheduler: Sending due task capture-snapshot-m15 (snapshot.tasks.task_capture_m15_snapshots)
[2026-03-04 14:55:23,322: INFO/MainProcess] Scheduler: Sending due task pull-watchlist-quotes-every-5-minutes (accounts.tasks.task_pull_watchlist_quotes)
[2026-03-04 14:55:25,303: INFO/MainProcess] Scheduler: Sending due task aggregate-snapshot-d1 (snapshot.tasks.task_aggregate_d1_snapshots)
[2026-03-04 14:55:27,316: INFO/MainProcess] Scheduler: Sending due task aggregate-snapshot-mon1 (snapshot.tasks.task_aggregate_mon1_snapshots)
[2026-03-04 14:55:28,322: INFO/MainProcess] Scheduler: Sending due task pull-watchlist-quotes-every-5-minutes (accounts.tasks.task_pull_watchlist_quotes)
[2026-03-04 14:55:29,317: INFO/MainProcess] Scheduler: Sending due task capture-snapshot-m15 (snapshot.tasks.task_capture_m15_snapshots)
[2026-03-04 14:55:31,319: INFO/MainProcess] Scheduler: Sending due task cleanup-snapshot-history-daily (snapshot.tasks.task_cleanup_snapshot_history)
[2026-03-04 14:55:33,322: INFO/MainProcess] Scheduler: Sending due task pull-watchlist-quotes-every-5-minutes (accounts.tasks.task_pull_watchlist_quotes)
[2026-03-04 14:55:34,320: INFO/MainProcess] Scheduler: Sending due task aggregate-snapshot-h4 (snapshot.tasks.task_aggregate_h4_snapshots)
[2026-03-04 14:55:36,317: INFO/MainProcess] Scheduler: Sending due task capture-snapshot-m15 (snapshot.tasks.task_capture_m15_snapshots)
[2026-03-04 14:55:38,322: INFO/MainProcess] Scheduler: Sending due task pull-watchlist-quotes-every-5-minutes (accounts.tasks.task_pull_watchlist_quotes)
[2026-03-04 14:55:42,303: INFO/MainProcess] Scheduler: Sending due task aggregate-snapshot-d1 (snapshot.tasks.task_aggregate_d1_snapshots)
[2026-03-04 14:55:43,317: INFO/MainProcess] Scheduler: Sending due task capture-snapshot-m15 (snapshot.tasks.task_capture_m15_snapshots)
[2026-03-04 14:55:43,322: INFO/MainProcess] Scheduler: Sending due task pull-watchlist-quotes-every-5-minutes (accounts.tasks.task_pull_watchlist_quotes)
[2026-03-04 14:55:46,316: INFO/MainProcess] Scheduler: Sending due task aggregate-snapshot-mon1 (snapshot.tasks.task_aggregate_mon1_snapshots)
[2026-03-04 14:55:47,320: INFO/MainProcess] Scheduler: Sending due task aggregate-snapshot-h4 (snapshot.tasks.task_aggregate_h4_snapshots)
[2026-03-04 14:55:48,322: INFO/MainProcess] Scheduler: Sending due task pull-watchlist-quotes-every-5-minutes (accounts.tasks.task_pull_watchlist_quotes)
[2026-03-04 14:55:50,317: INFO/MainProcess] Scheduler: Sending due task capture-snapshot-m15 (snapshot.tasks.task_capture_m15_snapshots)
[2026-03-04 14:55:53,322: INFO/MainProcess] Scheduler: Sending due task pull-watchlist-quotes-every-5-minutes (accounts.tasks.task_pull_watchlist_quotes)
[2026-03-04 14:55:54,319: INFO/MainProcess] Scheduler: Sending due task cleanup-snapshot-history-daily (snapshot.tasks.task_cleanup_snapshot_history)
[2026-03-04 14:55:57,317: INFO/MainProcess] Scheduler: Sending due task capture-snapshot-m15 (snapshot.tasks.task_capture_m15_snapshots)
[2026-03-04 14:55:58,322: INFO/MainProcess] Scheduler: Sending due task pull-watchlist-quotes-every-5-minutes (accounts.tasks.task_pull_watchlist_quotes)
[2026-03-04 14:55:59,303: INFO/MainProcess] Scheduler: Sending due task aggregate-snapshot-d1 (snapshot.tasks.task_aggregate_d1_snapshots)
[2026-03-04 14:56:00,320: INFO/MainProcess] Scheduler: Sending due task aggregate-snapshot-h4 (snapshot.tasks.task_aggregate_h4_snapshots)
[2026-03-04 14:56:03,322: INFO/MainProcess] Scheduler: Sending due task pull-watchlist-quotes-every-5-minutes (accounts.tasks.task_pull_watchlist_quotes)
[2026-03-04 14:56:04,317: INFO/MainProcess] Scheduler: Sending due task capture-snapshot-m15 (snapshot.tasks.task_capture_m15_snapshots)
[2026-03-04 14:56:05,316: INFO/MainProcess] Scheduler: Sending due task aggregate-snapshot-mon1 (snapshot.tasks.task_aggregate_mon1_snapshots)
[2026-03-04 14:56:08,322: INFO/MainProcess] Scheduler: Sending due task pull-watchlist-quotes-every-5-minutes (accounts.tasks.task_pull_watchlist_quotes)
[2026-03-04 14:56:11,317: INFO/MainProcess] Scheduler: Sending due task capture-snapshot-m15 (snapshot.tasks.task_capture_m15_snapshots)
[2026-03-04 14:56:13,320: INFO/MainProcess] Scheduler: Sending due task aggregate-snapshot-h4 (snapshot.tasks.task_aggregate_h4_snapshots)
[2026-03-04 14:56:13,322: INFO/MainProcess] Scheduler: Sending due task pull-watchlist-quotes-every-5-minutes (accounts.tasks.task_pull_watchlist_quotes)
[2026-03-04 14:56:16,303: INFO/MainProcess] Scheduler: Sending due task aggregate-snapshot-d1 (snapshot.tasks.task_aggregate_d1_snapshots)
[2026-03-04 14:56:17,319: INFO/MainProcess] Scheduler: Sending due task cleanup-snapshot-history-daily (snapshot.tasks.task_cleanup_snapshot_history)
[2026-03-04 14:56:18,317: INFO/MainProcess] Scheduler: Sending due task capture-snapshot-m15 (snapshot.tasks.task_capture_m15_snapshots)
[2026-03-04 14:56:18,322: INFO/MainProcess] Scheduler: Sending due task pull-watchlist-quotes-every-5-minutes (accounts.tasks.task_pull_watchlist_quotes)
[2026-03-04 14:56:23,322: INFO/MainProcess] Scheduler: Sending due task pull-watchlist-quotes-every-5-minutes (accounts.tasks.task_pull_watchlist_quotes)
[2026-03-04 14:56:24,316: INFO/MainProcess] Scheduler: Sending due task aggregate-snapshot-mon1 (snapshot.tasks.task_aggregate_mon1_snapshots)
[2026-03-04 14:56:25,317: INFO/MainProcess] Scheduler: Sending due task capture-snapshot-m15 (snapshot.tasks.task_capture_m15_snapshots)
[2026-03-04 14:56:26,320: INFO/MainProcess] Scheduler: Sending due task aggregate-snapshot-h4 (snapshot.tasks.task_aggregate_h4_snapshots)
[2026-03-04 14:56:28,322: INFO/MainProcess] Scheduler: Sending due task pull-watchlist-quotes-every-5-minutes (accounts.tasks.task_pull_watchlist_quotes)
[2026-03-04 14:56:32,317: INFO/MainProcess] Scheduler: Sending due task capture-snapshot-m15 (snapshot.tasks.task_capture_m15_snapshots)
[2026-03-04 14:56:33,303: INFO/MainProcess] Scheduler: Sending due task aggregate-snapshot-d1 (snapshot.tasks.task_aggregate_d1_snapshots)
[2026-03-04 14:56:33,322: INFO/MainProcess] Scheduler: Sending due task pull-watchlist-quotes-every-5-minutes (accounts.tasks.task_pull_watchlist_quotes)
[2026-03-04 14:56:38,322: INFO/MainProcess] Scheduler: Sending due task pull-watchlist-quotes-every-5-minutes (accounts.tasks.task_pull_watchlist_quotes)
[2026-03-04 14:56:39,317: INFO/MainProcess] Scheduler: Sending due task capture-snapshot-m15 (snapshot.tasks.task_capture_m15_snapshots)
[2026-03-04 14:56:39,320: INFO/MainProcess] Scheduler: Sending due task aggregate-snapshot-h4 (snapshot.tasks.task_aggregate_h4_snapshots)
[2026-03-04 14:56:40,319: INFO/MainProcess] Scheduler: Sending due task cleanup-snapshot-history-daily (snapshot.tasks.task_cleanup_snapshot_history)
[2026-03-04 14:56:43,316: INFO/MainProcess] Scheduler: Sending due task aggregate-snapshot-mon1 (snapshot.tasks.task_aggregate_mon1_snapshots)
[2026-03-04 14:56:43,322: INFO/MainProcess] Scheduler: Sending due task pull-watchlist-quotes-every-5-minutes (accounts.tasks.task_pull_watchlist_quotes)
[2026-03-04 14:56:46,317: INFO/MainProcess] Scheduler: Sending due task capture-snapshot-m15 (snapshot.tasks.task_capture_m15_snapshots)
